<?xml version="1.0" encoding="UTF-8"?>
<!-- Generated by org.testng.reporters.JUnitXMLReporter -->
<testsuite hostname="Nebula" name="Test" tests="52" failures="0" timestamp="13 Oct 2012 13:09:33 GMT" time="0.094" errors="0">
  <testcase name="testAsNormal" time="0.017" classname="test.java.de.bht.fb6.cg1.raytracer.math.Vector3DImplTest"/>
  <testcase name="testAsPoint" time="0.017" classname="test.java.de.bht.fb6.cg1.raytracer.math.Vector3DImplTest"/>
  <testcase name="testAddVector3D" time="0.017" classname="test.java.de.bht.fb6.cg1.raytracer.math.Vector3DImplTest"/>
  <testcase name="testCross" time="0.017" classname="test.java.de.bht.fb6.cg1.raytracer.math.Vector3DImplTest"/>
  <testcase name="testAddNormal" time="0.016" classname="test.java.de.bht.fb6.cg1.raytracer.math.Vector3DImplTest"/>
  <testcase name="testDiv" time="0.0" classname="test.java.de.bht.fb6.cg1.raytracer.math.Vector3DImplTest"/>
  <testcase name="testDotVector3D" time="0.0" classname="test.java.de.bht.fb6.cg1.raytracer.math.Vector3DImplTest"/>
  <testcase name="testDotNormal" time="0.001" classname="test.java.de.bht.fb6.cg1.raytracer.math.Vector3DImplTest"/>
  <testcase name="testGetMagnitude" time="0.0" classname="test.java.de.bht.fb6.cg1.raytracer.math.Vector3DImplTest"/>
  <testcase name="testGetX" time="0.0" classname="test.java.de.bht.fb6.cg1.raytracer.math.Vector3DImplTest"/>
  <testcase name="testMul" time="0.0" classname="test.java.de.bht.fb6.cg1.raytracer.math.Vector3DImplTest"/>
  <testcase name="testVector3DImpl" time="0.001" classname="test.java.de.bht.fb6.cg1.raytracer.math.Vector3DImplTest"/>
  <testcase name="testNormalized" time="0.001" classname="test.java.de.bht.fb6.cg1.raytracer.math.Vector3DImplTest"/>
  <testcase name="testAt" time="0.0" classname="test.java.de.bht.fb6.cg1.raytracer.math.RayImplTest"/>
  <testcase name="testGetDirection" time="0.0" classname="test.java.de.bht.fb6.cg1.raytracer.math.RayImplTest"/>
  <testcase name="testGetOrigin" time="0.0" classname="test.java.de.bht.fb6.cg1.raytracer.math.RayImplTest"/>
  <testcase name="testTOf" time="0.0" classname="test.java.de.bht.fb6.cg1.raytracer.math.RayImplTest"/>
  <testcase name="testRayImpl" time="0.0" classname="test.java.de.bht.fb6.cg1.raytracer.math.RayImplTest"/>
  <testcase name="testSub" time="0.001" classname="test.java.de.bht.fb6.cg1.raytracer.math.Vector3DImplTest"/>
  <testcase name="testGetZ" time="0.004" classname="test.java.de.bht.fb6.cg1.raytracer.math.Vector3DImplTest"/>
  <testcase name="testGetY" time="0.005" classname="test.java.de.bht.fb6.cg1.raytracer.math.Vector3DImplTest"/>
  <testcase name="testGetX" time="0.0" classname="test.java.de.bht.fb6.cg1.raytracer.math.NormalImplTest"/>
  <testcase name="testAsVector" time="0.001" classname="test.java.de.bht.fb6.cg1.raytracer.math.NormalImplTest"/>
  <testcase name="testGetY" time="0.001" classname="test.java.de.bht.fb6.cg1.raytracer.math.NormalImplTest"/>
  <testcase name="testGetZ" time="0.0" classname="test.java.de.bht.fb6.cg1.raytracer.math.NormalImplTest"/>
  <testcase name="testMul" time="0.0" classname="test.java.de.bht.fb6.cg1.raytracer.math.NormalImplTest"/>
  <testcase name="testAdd" time="0.004" classname="test.java.de.bht.fb6.cg1.raytracer.math.NormalImplTest"/>
  <testcase name="testNormalImpl" time="0.013" classname="test.java.de.bht.fb6.cg1.raytracer.math.NormalImplTest"/>
  <testcase name="testAsPoint" time="0.015" classname="test.java.de.bht.fb6.cg1.raytracer.math.NormalImplTest"/>
  <testcase name="testAsNormal" time="0.0" classname="test.java.de.bht.fb6.cg1.raytracer.math.Point3DImplTest"/>
  <testcase name="testNormalized" time="0.001" classname="test.java.de.bht.fb6.cg1.raytracer.math.NormalImplTest"/>
  <testcase name="testAdd" time="0.0" classname="test.java.de.bht.fb6.cg1.raytracer.math.Point3DImplTest"/>
  <testcase name="testAsVector" time="0.0" classname="test.java.de.bht.fb6.cg1.raytracer.math.Point3DImplTest"/>
  <testcase name="testDot" time="0.0" classname="test.java.de.bht.fb6.cg1.raytracer.math.Point3DImplTest"/>
  <testcase name="testGetY" time="0.001" classname="test.java.de.bht.fb6.cg1.raytracer.math.Point3DImplTest"/>
  <testcase name="testGetX" time="0.0" classname="test.java.de.bht.fb6.cg1.raytracer.math.Point3DImplTest"/>
  <testcase name="testPoint3DImpl" time="0.0" classname="test.java.de.bht.fb6.cg1.raytracer.math.Point3DImplTest"/>
  <testcase name="testGetZ" time="0.001" classname="test.java.de.bht.fb6.cg1.raytracer.math.Point3DImplTest"/>
  <testcase name="testSubPoint3D" time="0.0" classname="test.java.de.bht.fb6.cg1.raytracer.math.Point3DImplTest"/>
  <testcase name="testSubVector3D" time="0.001" classname="test.java.de.bht.fb6.cg1.raytracer.math.Point3DImplTest"/>
  <testcase name="testMat3x3Impl" time="0.0" classname="test.java.de.bht.fb6.cg1.raytracer.math.Mat3x3ImplTest"/>
  <testcase name="testGetDeterminant" time="0.0" classname="test.java.de.bht.fb6.cg1.raytracer.math.Mat3x3ImplTest"/>
  <testcase name="testMulMat3x3" time="0.001" classname="test.java.de.bht.fb6.cg1.raytracer.math.Mat3x3ImplTest"/>
  <testcase name="testMulPoint3D" time="0.0" classname="test.java.de.bht.fb6.cg1.raytracer.math.Mat3x3ImplTest"/>
  <testcase name="testMulVector3D" time="0.0" classname="test.java.de.bht.fb6.cg1.raytracer.math.Mat3x3ImplTest"/>
  <testcase name="testReplaceColumn0" time="0.001" classname="test.java.de.bht.fb6.cg1.raytracer.math.Mat3x3ImplTest"/>
  <testcase name="testReplaceColumn2" time="0.0" classname="test.java.de.bht.fb6.cg1.raytracer.math.Mat3x3ImplTest"/>
  <testcase name="testReplaceColumn1" time="0.0" classname="test.java.de.bht.fb6.cg1.raytracer.math.Mat3x3ImplTest"/>
  <testcase name="testReflect" time="0.008" classname="test.java.de.bht.fb6.cg1.raytracer.math.NormalImplTest"/>
  <testcase name="testGetY" time="0.0" classname="test.java.de.bht.fb6.cg1.raytracer.math.Point2DImplTest"/>
  <testcase name="testGetX" time="0.0" classname="test.java.de.bht.fb6.cg1.raytracer.math.Point2DImplTest"/>
  <testcase name="testPoint2DImpl" time="0.0" classname="test.java.de.bht.fb6.cg1.raytracer.math.Point2DImplTest"/>
</testsuite> <!-- Test -->
