<?xml version="1.0" encoding="UTF-8"?>
<testng-results skipped="0" failed="0" total="52" passed="52">
  <reporter-output>
  </reporter-output>
  <suite name="CG1_Math" duration-ms="94" started-at="2012-10-13T13:09:33Z" finished-at="2012-10-13T13:09:33Z">
    <groups>
    </groups>
    <test name="Test" duration-ms="94" started-at="2012-10-13T13:09:33Z" finished-at="2012-10-13T13:09:33Z">
      <class name="test.java.de.bht.fb6.cg1.raytracer.math.Mat3x3ImplTest">
        <test-method status="PASS" signature="testMat3x3Impl()[pri:0, instance:test.java.de.bht.fb6.cg1.raytracer.math.Mat3x3ImplTest@10a59d2]" name="testMat3x3Impl" duration-ms="0" started-at="2012-10-13T15:09:33Z" finished-at="2012-10-13T15:09:33Z">
          <reporter-output>
          </reporter-output>
        </test-method> <!-- testMat3x3Impl -->
        <test-method status="PASS" signature="testMulMat3x3()[pri:0, instance:test.java.de.bht.fb6.cg1.raytracer.math.Mat3x3ImplTest@10a59d2]" name="testMulMat3x3" duration-ms="1" started-at="2012-10-13T15:09:33Z" finished-at="2012-10-13T15:09:33Z">
          <reporter-output>
          </reporter-output>
        </test-method> <!-- testMulMat3x3 -->
        <test-method status="PASS" signature="testGetDeterminant()[pri:0, instance:test.java.de.bht.fb6.cg1.raytracer.math.Mat3x3ImplTest@10a59d2]" name="testGetDeterminant" duration-ms="0" started-at="2012-10-13T15:09:33Z" finished-at="2012-10-13T15:09:33Z">
          <reporter-output>
          </reporter-output>
        </test-method> <!-- testGetDeterminant -->
        <test-method status="PASS" signature="testMulVector3D()[pri:0, instance:test.java.de.bht.fb6.cg1.raytracer.math.Mat3x3ImplTest@10a59d2]" name="testMulVector3D" duration-ms="0" started-at="2012-10-13T15:09:33Z" finished-at="2012-10-13T15:09:33Z">
          <reporter-output>
          </reporter-output>
        </test-method> <!-- testMulVector3D -->
        <test-method status="PASS" signature="testMulPoint3D()[pri:0, instance:test.java.de.bht.fb6.cg1.raytracer.math.Mat3x3ImplTest@10a59d2]" name="testMulPoint3D" duration-ms="0" started-at="2012-10-13T15:09:33Z" finished-at="2012-10-13T15:09:33Z">
          <reporter-output>
          </reporter-output>
        </test-method> <!-- testMulPoint3D -->
        <test-method status="PASS" signature="testReplaceColumn0()[pri:0, instance:test.java.de.bht.fb6.cg1.raytracer.math.Mat3x3ImplTest@10a59d2]" name="testReplaceColumn0" duration-ms="1" started-at="2012-10-13T15:09:33Z" finished-at="2012-10-13T15:09:33Z">
          <reporter-output>
          </reporter-output>
        </test-method> <!-- testReplaceColumn0 -->
        <test-method status="PASS" signature="testReplaceColumn1()[pri:0, instance:test.java.de.bht.fb6.cg1.raytracer.math.Mat3x3ImplTest@10a59d2]" name="testReplaceColumn1" duration-ms="0" started-at="2012-10-13T15:09:33Z" finished-at="2012-10-13T15:09:33Z">
          <reporter-output>
          </reporter-output>
        </test-method> <!-- testReplaceColumn1 -->
        <test-method status="PASS" signature="testReplaceColumn2()[pri:0, instance:test.java.de.bht.fb6.cg1.raytracer.math.Mat3x3ImplTest@10a59d2]" name="testReplaceColumn2" duration-ms="0" started-at="2012-10-13T15:09:33Z" finished-at="2012-10-13T15:09:33Z">
          <reporter-output>
          </reporter-output>
        </test-method> <!-- testReplaceColumn2 -->
      </class> <!-- test.java.de.bht.fb6.cg1.raytracer.math.Mat3x3ImplTest -->
      <class name="test.java.de.bht.fb6.cg1.raytracer.math.Point2DImplTest">
        <test-method status="PASS" signature="testPoint2DImpl()[pri:0, instance:test.java.de.bht.fb6.cg1.raytracer.math.Point2DImplTest@31e2ad]" name="testPoint2DImpl" duration-ms="0" started-at="2012-10-13T15:09:33Z" finished-at="2012-10-13T15:09:33Z">
          <reporter-output>
          </reporter-output>
        </test-method> <!-- testPoint2DImpl -->
        <test-method status="PASS" signature="testGetY()[pri:0, instance:test.java.de.bht.fb6.cg1.raytracer.math.Point2DImplTest@31e2ad]" name="testGetY" duration-ms="0" started-at="2012-10-13T15:09:33Z" finished-at="2012-10-13T15:09:33Z">
          <reporter-output>
          </reporter-output>
        </test-method> <!-- testGetY -->
        <test-method status="PASS" signature="testGetX()[pri:0, instance:test.java.de.bht.fb6.cg1.raytracer.math.Point2DImplTest@31e2ad]" name="testGetX" duration-ms="0" started-at="2012-10-13T15:09:33Z" finished-at="2012-10-13T15:09:33Z">
          <reporter-output>
          </reporter-output>
        </test-method> <!-- testGetX -->
      </class> <!-- test.java.de.bht.fb6.cg1.raytracer.math.Point2DImplTest -->
      <class name="test.java.de.bht.fb6.cg1.raytracer.math.Point3DImplTest">
        <test-method status="PASS" signature="testAdd()[pri:0, instance:test.java.de.bht.fb6.cg1.raytracer.math.Point3DImplTest@8f1ed7]" name="testAdd" duration-ms="0" started-at="2012-10-13T15:09:33Z" finished-at="2012-10-13T15:09:33Z">
          <reporter-output>
          </reporter-output>
        </test-method> <!-- testAdd -->
        <test-method status="PASS" signature="testAsNormal()[pri:0, instance:test.java.de.bht.fb6.cg1.raytracer.math.Point3DImplTest@8f1ed7]" name="testAsNormal" duration-ms="0" started-at="2012-10-13T15:09:33Z" finished-at="2012-10-13T15:09:33Z">
          <reporter-output>
          </reporter-output>
        </test-method> <!-- testAsNormal -->
        <test-method status="PASS" signature="testGetY()[pri:0, instance:test.java.de.bht.fb6.cg1.raytracer.math.Point3DImplTest@8f1ed7]" name="testGetY" duration-ms="1" started-at="2012-10-13T15:09:33Z" finished-at="2012-10-13T15:09:33Z">
          <reporter-output>
          </reporter-output>
        </test-method> <!-- testGetY -->
        <test-method status="PASS" signature="testAsVector()[pri:0, instance:test.java.de.bht.fb6.cg1.raytracer.math.Point3DImplTest@8f1ed7]" name="testAsVector" duration-ms="0" started-at="2012-10-13T15:09:33Z" finished-at="2012-10-13T15:09:33Z">
          <reporter-output>
          </reporter-output>
        </test-method> <!-- testAsVector -->
        <test-method status="PASS" signature="testDot()[pri:0, instance:test.java.de.bht.fb6.cg1.raytracer.math.Point3DImplTest@8f1ed7]" name="testDot" duration-ms="0" started-at="2012-10-13T15:09:33Z" finished-at="2012-10-13T15:09:33Z">
          <reporter-output>
          </reporter-output>
        </test-method> <!-- testDot -->
        <test-method status="PASS" signature="testGetZ()[pri:0, instance:test.java.de.bht.fb6.cg1.raytracer.math.Point3DImplTest@8f1ed7]" name="testGetZ" duration-ms="1" started-at="2012-10-13T15:09:33Z" finished-at="2012-10-13T15:09:33Z">
          <reporter-output>
          </reporter-output>
        </test-method> <!-- testGetZ -->
        <test-method status="PASS" signature="testPoint3DImpl()[pri:0, instance:test.java.de.bht.fb6.cg1.raytracer.math.Point3DImplTest@8f1ed7]" name="testPoint3DImpl" duration-ms="0" started-at="2012-10-13T15:09:33Z" finished-at="2012-10-13T15:09:33Z">
          <reporter-output>
          </reporter-output>
        </test-method> <!-- testPoint3DImpl -->
        <test-method status="PASS" signature="testGetX()[pri:0, instance:test.java.de.bht.fb6.cg1.raytracer.math.Point3DImplTest@8f1ed7]" name="testGetX" duration-ms="0" started-at="2012-10-13T15:09:33Z" finished-at="2012-10-13T15:09:33Z">
          <reporter-output>
          </reporter-output>
        </test-method> <!-- testGetX -->
        <test-method status="PASS" signature="testSubPoint3D()[pri:0, instance:test.java.de.bht.fb6.cg1.raytracer.math.Point3DImplTest@8f1ed7]" name="testSubPoint3D" duration-ms="0" started-at="2012-10-13T15:09:33Z" finished-at="2012-10-13T15:09:33Z">
          <reporter-output>
          </reporter-output>
        </test-method> <!-- testSubPoint3D -->
        <test-method status="PASS" signature="testSubVector3D()[pri:0, instance:test.java.de.bht.fb6.cg1.raytracer.math.Point3DImplTest@8f1ed7]" name="testSubVector3D" duration-ms="1" started-at="2012-10-13T15:09:33Z" finished-at="2012-10-13T15:09:33Z">
          <reporter-output>
          </reporter-output>
        </test-method> <!-- testSubVector3D -->
      </class> <!-- test.java.de.bht.fb6.cg1.raytracer.math.Point3DImplTest -->
      <class name="test.java.de.bht.fb6.cg1.raytracer.math.Vector3DImplTest">
        <test-method status="PASS" signature="testAsNormal()[pri:0, instance:test.java.de.bht.fb6.cg1.raytracer.math.Vector3DImplTest@6b54ef]" name="testAsNormal" duration-ms="17" started-at="2012-10-13T15:09:33Z" finished-at="2012-10-13T15:09:33Z">
          <reporter-output>
          </reporter-output>
        </test-method> <!-- testAsNormal -->
        <test-method status="PASS" signature="testCross()[pri:0, instance:test.java.de.bht.fb6.cg1.raytracer.math.Vector3DImplTest@6b54ef]" name="testCross" duration-ms="17" started-at="2012-10-13T15:09:33Z" finished-at="2012-10-13T15:09:33Z">
          <reporter-output>
          </reporter-output>
        </test-method> <!-- testCross -->
        <test-method status="PASS" signature="testAsPoint()[pri:0, instance:test.java.de.bht.fb6.cg1.raytracer.math.Vector3DImplTest@6b54ef]" name="testAsPoint" duration-ms="17" started-at="2012-10-13T15:09:33Z" finished-at="2012-10-13T15:09:33Z">
          <reporter-output>
          </reporter-output>
        </test-method> <!-- testAsPoint -->
        <test-method status="PASS" signature="testAddVector3D()[pri:0, instance:test.java.de.bht.fb6.cg1.raytracer.math.Vector3DImplTest@6b54ef]" name="testAddVector3D" duration-ms="17" started-at="2012-10-13T15:09:33Z" finished-at="2012-10-13T15:09:33Z">
          <reporter-output>
          </reporter-output>
        </test-method> <!-- testAddVector3D -->
        <test-method status="PASS" signature="testAddNormal()[pri:0, instance:test.java.de.bht.fb6.cg1.raytracer.math.Vector3DImplTest@6b54ef]" name="testAddNormal" duration-ms="16" started-at="2012-10-13T15:09:33Z" finished-at="2012-10-13T15:09:33Z">
          <reporter-output>
          </reporter-output>
        </test-method> <!-- testAddNormal -->
        <test-method status="PASS" signature="testDiv()[pri:0, instance:test.java.de.bht.fb6.cg1.raytracer.math.Vector3DImplTest@6b54ef]" name="testDiv" duration-ms="0" started-at="2012-10-13T15:09:33Z" finished-at="2012-10-13T15:09:33Z">
          <reporter-output>
          </reporter-output>
        </test-method> <!-- testDiv -->
        <test-method status="PASS" signature="testDotNormal()[pri:0, instance:test.java.de.bht.fb6.cg1.raytracer.math.Vector3DImplTest@6b54ef]" name="testDotNormal" duration-ms="1" started-at="2012-10-13T15:09:33Z" finished-at="2012-10-13T15:09:33Z">
          <reporter-output>
          </reporter-output>
        </test-method> <!-- testDotNormal -->
        <test-method status="PASS" signature="testDotVector3D()[pri:0, instance:test.java.de.bht.fb6.cg1.raytracer.math.Vector3DImplTest@6b54ef]" name="testDotVector3D" duration-ms="0" started-at="2012-10-13T15:09:33Z" finished-at="2012-10-13T15:09:33Z">
          <reporter-output>
          </reporter-output>
        </test-method> <!-- testDotVector3D -->
        <test-method status="PASS" signature="testGetMagnitude()[pri:0, instance:test.java.de.bht.fb6.cg1.raytracer.math.Vector3DImplTest@6b54ef]" name="testGetMagnitude" duration-ms="0" started-at="2012-10-13T15:09:33Z" finished-at="2012-10-13T15:09:33Z">
          <reporter-output>
          </reporter-output>
        </test-method> <!-- testGetMagnitude -->
        <test-method status="PASS" signature="testGetX()[pri:0, instance:test.java.de.bht.fb6.cg1.raytracer.math.Vector3DImplTest@6b54ef]" name="testGetX" duration-ms="0" started-at="2012-10-13T15:09:33Z" finished-at="2012-10-13T15:09:33Z">
          <reporter-output>
          </reporter-output>
        </test-method> <!-- testGetX -->
        <test-method status="PASS" signature="testGetZ()[pri:0, instance:test.java.de.bht.fb6.cg1.raytracer.math.Vector3DImplTest@6b54ef]" name="testGetZ" duration-ms="4" started-at="2012-10-13T15:09:33Z" finished-at="2012-10-13T15:09:33Z">
          <reporter-output>
          </reporter-output>
        </test-method> <!-- testGetZ -->
        <test-method status="PASS" signature="testGetY()[pri:0, instance:test.java.de.bht.fb6.cg1.raytracer.math.Vector3DImplTest@6b54ef]" name="testGetY" duration-ms="5" started-at="2012-10-13T15:09:33Z" finished-at="2012-10-13T15:09:33Z">
          <reporter-output>
          </reporter-output>
        </test-method> <!-- testGetY -->
        <test-method status="PASS" signature="testVector3DImpl()[pri:0, instance:test.java.de.bht.fb6.cg1.raytracer.math.Vector3DImplTest@6b54ef]" name="testVector3DImpl" duration-ms="1" started-at="2012-10-13T15:09:33Z" finished-at="2012-10-13T15:09:33Z">
          <reporter-output>
          </reporter-output>
        </test-method> <!-- testVector3DImpl -->
        <test-method status="PASS" signature="testSub()[pri:0, instance:test.java.de.bht.fb6.cg1.raytracer.math.Vector3DImplTest@6b54ef]" name="testSub" duration-ms="1" started-at="2012-10-13T15:09:33Z" finished-at="2012-10-13T15:09:33Z">
          <reporter-output>
          </reporter-output>
        </test-method> <!-- testSub -->
        <test-method status="PASS" signature="testNormalized()[pri:0, instance:test.java.de.bht.fb6.cg1.raytracer.math.Vector3DImplTest@6b54ef]" name="testNormalized" duration-ms="1" started-at="2012-10-13T15:09:33Z" finished-at="2012-10-13T15:09:33Z">
          <reporter-output>
          </reporter-output>
        </test-method> <!-- testNormalized -->
        <test-method status="PASS" signature="testMul()[pri:0, instance:test.java.de.bht.fb6.cg1.raytracer.math.Vector3DImplTest@6b54ef]" name="testMul" duration-ms="0" started-at="2012-10-13T15:09:33Z" finished-at="2012-10-13T15:09:33Z">
          <reporter-output>
          </reporter-output>
        </test-method> <!-- testMul -->
      </class> <!-- test.java.de.bht.fb6.cg1.raytracer.math.Vector3DImplTest -->
      <class name="test.java.de.bht.fb6.cg1.raytracer.math.NormalImplTest">
        <test-method status="PASS" signature="testAdd()[pri:0, instance:test.java.de.bht.fb6.cg1.raytracer.math.NormalImplTest@f2e328]" name="testAdd" duration-ms="4" started-at="2012-10-13T15:09:33Z" finished-at="2012-10-13T15:09:33Z">
          <reporter-output>
          </reporter-output>
        </test-method> <!-- testAdd -->
        <test-method status="PASS" signature="testAsVector()[pri:0, instance:test.java.de.bht.fb6.cg1.raytracer.math.NormalImplTest@f2e328]" name="testAsVector" duration-ms="1" started-at="2012-10-13T15:09:33Z" finished-at="2012-10-13T15:09:33Z">
          <reporter-output>
          </reporter-output>
        </test-method> <!-- testAsVector -->
        <test-method status="PASS" signature="testGetX()[pri:0, instance:test.java.de.bht.fb6.cg1.raytracer.math.NormalImplTest@f2e328]" name="testGetX" duration-ms="0" started-at="2012-10-13T15:09:33Z" finished-at="2012-10-13T15:09:33Z">
          <reporter-output>
          </reporter-output>
        </test-method> <!-- testGetX -->
        <test-method status="PASS" signature="testGetY()[pri:0, instance:test.java.de.bht.fb6.cg1.raytracer.math.NormalImplTest@f2e328]" name="testGetY" duration-ms="1" started-at="2012-10-13T15:09:33Z" finished-at="2012-10-13T15:09:33Z">
          <reporter-output>
          </reporter-output>
        </test-method> <!-- testGetY -->
        <test-method status="PASS" signature="testAsPoint()[pri:0, instance:test.java.de.bht.fb6.cg1.raytracer.math.NormalImplTest@f2e328]" name="testAsPoint" duration-ms="15" started-at="2012-10-13T15:09:33Z" finished-at="2012-10-13T15:09:33Z">
          <reporter-output>
          </reporter-output>
        </test-method> <!-- testAsPoint -->
        <test-method status="PASS" signature="testGetZ()[pri:0, instance:test.java.de.bht.fb6.cg1.raytracer.math.NormalImplTest@f2e328]" name="testGetZ" duration-ms="0" started-at="2012-10-13T15:09:33Z" finished-at="2012-10-13T15:09:33Z">
          <reporter-output>
          </reporter-output>
        </test-method> <!-- testGetZ -->
        <test-method status="PASS" signature="testMul()[pri:0, instance:test.java.de.bht.fb6.cg1.raytracer.math.NormalImplTest@f2e328]" name="testMul" duration-ms="0" started-at="2012-10-13T15:09:33Z" finished-at="2012-10-13T15:09:33Z">
          <reporter-output>
          </reporter-output>
        </test-method> <!-- testMul -->
        <test-method status="PASS" signature="testNormalImpl()[pri:0, instance:test.java.de.bht.fb6.cg1.raytracer.math.NormalImplTest@f2e328]" name="testNormalImpl" duration-ms="13" started-at="2012-10-13T15:09:33Z" finished-at="2012-10-13T15:09:33Z">
          <reporter-output>
          </reporter-output>
        </test-method> <!-- testNormalImpl -->
        <test-method status="PASS" signature="testNormalized()[pri:0, instance:test.java.de.bht.fb6.cg1.raytracer.math.NormalImplTest@f2e328]" name="testNormalized" duration-ms="1" started-at="2012-10-13T15:09:33Z" finished-at="2012-10-13T15:09:33Z">
          <reporter-output>
          </reporter-output>
        </test-method> <!-- testNormalized -->
        <test-method status="PASS" signature="testReflect()[pri:0, instance:test.java.de.bht.fb6.cg1.raytracer.math.NormalImplTest@f2e328]" name="testReflect" duration-ms="8" started-at="2012-10-13T15:09:33Z" finished-at="2012-10-13T15:09:33Z">
          <reporter-output>
          </reporter-output>
        </test-method> <!-- testReflect -->
      </class> <!-- test.java.de.bht.fb6.cg1.raytracer.math.NormalImplTest -->
      <class name="test.java.de.bht.fb6.cg1.raytracer.math.RayImplTest">
        <test-method status="PASS" signature="testAt()[pri:0, instance:test.java.de.bht.fb6.cg1.raytracer.math.RayImplTest@f1cdfb]" name="testAt" duration-ms="0" started-at="2012-10-13T15:09:33Z" finished-at="2012-10-13T15:09:33Z">
          <reporter-output>
          </reporter-output>
        </test-method> <!-- testAt -->
        <test-method status="PASS" signature="testGetDirection()[pri:0, instance:test.java.de.bht.fb6.cg1.raytracer.math.RayImplTest@f1cdfb]" name="testGetDirection" duration-ms="0" started-at="2012-10-13T15:09:33Z" finished-at="2012-10-13T15:09:33Z">
          <reporter-output>
          </reporter-output>
        </test-method> <!-- testGetDirection -->
        <test-method status="PASS" signature="testGetOrigin()[pri:0, instance:test.java.de.bht.fb6.cg1.raytracer.math.RayImplTest@f1cdfb]" name="testGetOrigin" duration-ms="0" started-at="2012-10-13T15:09:33Z" finished-at="2012-10-13T15:09:33Z">
          <reporter-output>
          </reporter-output>
        </test-method> <!-- testGetOrigin -->
        <test-method status="PASS" signature="testTOf()[pri:0, instance:test.java.de.bht.fb6.cg1.raytracer.math.RayImplTest@f1cdfb]" name="testTOf" duration-ms="0" started-at="2012-10-13T15:09:33Z" finished-at="2012-10-13T15:09:33Z">
          <reporter-output>
          </reporter-output>
        </test-method> <!-- testTOf -->
        <test-method status="PASS" signature="testRayImpl()[pri:0, instance:test.java.de.bht.fb6.cg1.raytracer.math.RayImplTest@f1cdfb]" name="testRayImpl" duration-ms="0" started-at="2012-10-13T15:09:33Z" finished-at="2012-10-13T15:09:33Z">
          <reporter-output>
          </reporter-output>
        </test-method> <!-- testRayImpl -->
      </class> <!-- test.java.de.bht.fb6.cg1.raytracer.math.RayImplTest -->
    </test> <!-- Test -->
  </suite> <!-- CG1_Math -->
</testng-results>
