<?xml version="1.0" encoding="UTF-8" ?>
<testsuite failures="0" time="1.963" errors="0" skipped="0" tests="52" name="TestSuite">
  <properties>
[...]
</properties>
  <testcase time="0.015" classname="test.java.de.bht.fb6.cg1.raytracer.math.Vector3DImplTest" name="testAsNormal"/>
  <testcase time="0.019" classname="test.java.de.bht.fb6.cg1.raytracer.math.Vector3DImplTest" name="testCross"/>
  <testcase time="0" classname="test.java.de.bht.fb6.cg1.raytracer.math.Vector3DImplTest" name="testDiv"/>
  <testcase time="0" classname="test.java.de.bht.fb6.cg1.raytracer.math.Vector3DImplTest" name="testAddNormal"/>
  <testcase time="0" classname="test.java.de.bht.fb6.cg1.raytracer.math.Vector3DImplTest" name="testDotVector3D"/>
  <testcase time="0" classname="test.java.de.bht.fb6.cg1.raytracer.math.Vector3DImplTest" name="testDotNormal"/>
  <testcase time="0" classname="test.java.de.bht.fb6.cg1.raytracer.math.Vector3DImplTest" name="testGetMagnitude"/>
  <testcase time="0.001" classname="test.java.de.bht.fb6.cg1.raytracer.math.Vector3DImplTest" name="testGetX"/>
  <testcase time="0.001" classname="test.java.de.bht.fb6.cg1.raytracer.math.Vector3DImplTest" name="testAddVector3D"/>
  <testcase time="0.001" classname="test.java.de.bht.fb6.cg1.raytracer.math.Vector3DImplTest" name="testAsPoint"/>
  <testcase time="0" classname="test.java.de.bht.fb6.cg1.raytracer.math.Vector3DImplTest" name="testMul"/>
  <testcase time="0.001" classname="test.java.de.bht.fb6.cg1.raytracer.math.Vector3DImplTest" name="testVector3DImpl"/>
  <testcase time="0.001" classname="test.java.de.bht.fb6.cg1.raytracer.math.Vector3DImplTest" name="testNormalized"/>
  <testcase time="0" classname="test.java.de.bht.fb6.cg1.raytracer.math.RayImplTest" name="testAt"/>
  <testcase time="0" classname="test.java.de.bht.fb6.cg1.raytracer.math.RayImplTest" name="testGetDirection"/>
  <testcase time="0" classname="test.java.de.bht.fb6.cg1.raytracer.math.RayImplTest" name="testGetOrigin"/>
  <testcase time="0" classname="test.java.de.bht.fb6.cg1.raytracer.math.RayImplTest" name="testTOf"/>
  <testcase time="0" classname="test.java.de.bht.fb6.cg1.raytracer.math.RayImplTest" name="testRayImpl"/>
  <testcase time="0" classname="test.java.de.bht.fb6.cg1.raytracer.math.Vector3DImplTest" name="testGetZ"/>
  <testcase time="0" classname="test.java.de.bht.fb6.cg1.raytracer.math.Vector3DImplTest" name="testGetY"/>
  <testcase time="0" classname="test.java.de.bht.fb6.cg1.raytracer.math.NormalImplTest" name="testGetX"/>
  <testcase time="0" classname="test.java.de.bht.fb6.cg1.raytracer.math.NormalImplTest" name="testAsVector"/>
  <testcase time="0.001" classname="test.java.de.bht.fb6.cg1.raytracer.math.NormalImplTest" name="testGetY"/>
  <testcase time="0" classname="test.java.de.bht.fb6.cg1.raytracer.math.NormalImplTest" name="testGetZ"/>
  <testcase time="0" classname="test.java.de.bht.fb6.cg1.raytracer.math.NormalImplTest" name="testMul"/>
  <testcase time="0" classname="test.java.de.bht.fb6.cg1.raytracer.math.NormalImplTest" name="testAdd"/>
  <testcase time="0.014" classname="test.java.de.bht.fb6.cg1.raytracer.math.Vector3DImplTest" name="testSub"/>
  <testcase time="0.014" classname="test.java.de.bht.fb6.cg1.raytracer.math.NormalImplTest" name="testAsPoint"/>
  <testcase time="0" classname="test.java.de.bht.fb6.cg1.raytracer.math.Point3DImplTest" name="testAsNormal"/>
  <testcase time="0" classname="test.java.de.bht.fb6.cg1.raytracer.math.Point3DImplTest" name="testAdd"/>
  <testcase time="0" classname="test.java.de.bht.fb6.cg1.raytracer.math.NormalImplTest" name="testNormalImpl"/>
  <testcase time="0.001" classname="test.java.de.bht.fb6.cg1.raytracer.math.NormalImplTest" name="testNormalized"/>
  <testcase time="0" classname="test.java.de.bht.fb6.cg1.raytracer.math.Point3DImplTest" name="testAsVector"/>
  <testcase time="0" classname="test.java.de.bht.fb6.cg1.raytracer.math.Point3DImplTest" name="testDot"/>
  <testcase time="0" classname="test.java.de.bht.fb6.cg1.raytracer.math.Point3DImplTest" name="testGetY"/>
  <testcase time="0" classname="test.java.de.bht.fb6.cg1.raytracer.math.Point3DImplTest" name="testPoint3DImpl"/>
  <testcase time="0.001" classname="test.java.de.bht.fb6.cg1.raytracer.math.Point3DImplTest" name="testGetX"/>
  <testcase time="0.001" classname="test.java.de.bht.fb6.cg1.raytracer.math.Point3DImplTest" name="testGetZ"/>
  <testcase time="0" classname="test.java.de.bht.fb6.cg1.raytracer.math.Point3DImplTest" name="testSubPoint3D"/>
  <testcase time="0" classname="test.java.de.bht.fb6.cg1.raytracer.math.Mat3x3ImplTest" name="testMat3x3Impl"/>
  <testcase time="0" classname="test.java.de.bht.fb6.cg1.raytracer.math.Point3DImplTest" name="testSubVector3D"/>
  <testcase time="0" classname="test.java.de.bht.fb6.cg1.raytracer.math.Mat3x3ImplTest" name="testGetDeterminant"/>
  <testcase time="0.001" classname="test.java.de.bht.fb6.cg1.raytracer.math.Mat3x3ImplTest" name="testMulMat3x3"/>
  <testcase time="0" classname="test.java.de.bht.fb6.cg1.raytracer.math.Mat3x3ImplTest" name="testMulPoint3D"/>
  <testcase time="0.001" classname="test.java.de.bht.fb6.cg1.raytracer.math.Mat3x3ImplTest" name="testReplaceColumn0"/>
  <testcase time="0" classname="test.java.de.bht.fb6.cg1.raytracer.math.Mat3x3ImplTest" name="testReplaceColumn2"/>
  <testcase time="0" classname="test.java.de.bht.fb6.cg1.raytracer.math.Mat3x3ImplTest" name="testReplaceColumn1"/>
  <testcase time="0" classname="test.java.de.bht.fb6.cg1.raytracer.math.Mat3x3ImplTest" name="testMulVector3D"/>
  <testcase time="0" classname="test.java.de.bht.fb6.cg1.raytracer.math.NormalImplTest" name="testReflect"/>
  <testcase time="0" classname="test.java.de.bht.fb6.cg1.raytracer.math.Point2DImplTest" name="testGetX"/>
  <testcase time="0" classname="test.java.de.bht.fb6.cg1.raytracer.math.Point2DImplTest" name="testGetY"/>
  <testcase time="0" classname="test.java.de.bht.fb6.cg1.raytracer.math.Point2DImplTest" name="testPoint2DImpl"/>
</testsuite>